<?xml version="1.0" encoding="UTF-8"?>
<!-- Generated by org.testng.reporters.JUnitXMLReporter -->
<testsuite hostname="Arun-PC" ignored="0" name="Test2" tests="3" failures="2" timestamp="27 Feb 2019 06:59:00 GMT" time="0.301" errors="0">
  <testcase name="@BeforeMethod login" time="0.0" classname="wdMethods.ProjectMethods">
    <failure type="org.testng.TestNGException" message="
Parameter &amp;apos;url&amp;apos; is required by BeforeMethod on method login but has not been marked @Optional or defined
in E:\TEST LEAF - SOFTWARE\selenium - test leaf\Selenium\testngparallel.xml">
      <![CDATA[org.testng.TestNGException: 
Parameter 'url' is required by BeforeMethod on method login but has not been marked @Optional or defined
in E:\TEST LEAF - SOFTWARE\selenium - test leaf\Selenium\testngparallel.xml
... Removed 25 stack frames]]>
    </failure>
  </testcase> <!-- @BeforeMethod login -->
  <testcase name="login" time="0.075" classname="testcase.TC001_LoginAndLogOut">
    <failure type="java.lang.IllegalStateException" message="The driver executable does not exist: E:\TEST LEAF - SOFTWARE\selenium - test leaf\Selenium\.\drivers\chromedriver.exe">
      <![CDATA[java.lang.IllegalStateException: The driver executable does not exist: E:\TEST LEAF - SOFTWARE\selenium - test leaf\Selenium\.\drivers\chromedriver.exe
at com.google.common.base.Preconditions.checkState(Preconditions.java:585)
at org.openqa.selenium.remote.service.DriverService.checkExecutable(DriverService.java:137)
at org.openqa.selenium.remote.service.DriverService.findExecutable(DriverService.java:132)
at org.openqa.selenium.chrome.ChromeDriverService.access$000(ChromeDriverService.java:35)
at org.openqa.selenium.chrome.ChromeDriverService$Builder.findDefaultExecutable(ChromeDriverService.java:156)
at org.openqa.selenium.remote.service.DriverService$Builder.build(DriverService.java:346)
at org.openqa.selenium.chrome.ChromeDriverService.createDefaultService(ChromeDriverService.java:91)
at org.openqa.selenium.chrome.ChromeDriver.<init>(ChromeDriver.java:123)
at wdMethods_old.SeMethods.startApp(SeMethods.java:45)
at testcase.TC001_LoginAndLogOut.login(TC001_LoginAndLogOut.java:12)
... Removed 25 stack frames]]>
    </failure>
  </testcase> <!-- login -->
  <testcase name="createLead" time="0.0" classname="testcase.CreateLead_TestCase_001">
    <skipped/>
  </testcase> <!-- createLead -->
  <testcase name="login" time="0.0" classname="wdMethods.ProjectMethods">
    <failure type="org.testng.TestNGException" message="
Parameter &amp;apos;url&amp;apos; is required by @Test on method login but has not been marked @Optional or defined
in E:\TEST LEAF - SOFTWARE\selenium - test leaf\Selenium\testngparallel.xml">
      <![CDATA[org.testng.TestNGException: 
Parameter 'url' is required by @Test on method login but has not been marked @Optional or defined
in E:\TEST LEAF - SOFTWARE\selenium - test leaf\Selenium\testngparallel.xml
... Removed 24 stack frames]]>
    </failure>
  </testcase> <!-- login -->
</testsuite> <!-- Test2 -->
